0 info it worked if it ends with ok
1 verbose cli [ 'D:\\reactNative环境\\Node\\node.exe',
1 verbose cli   'D:\\reactNative环境\\Node\\node_modules\\npm\\bin\\npm-cli.js',
1 verbose cli   'run',
1 verbose cli   'dist' ]
2 info using npm@3.10.9
3 info using node@v6.9.2
4 verbose stack Error: missing script: dist
4 verbose stack     at run (D:\reactNative环境\Node\node_modules\npm\lib\run-script.js:151:19)
4 verbose stack     at D:\reactNative环境\Node\node_modules\npm\lib\run-script.js:61:5
4 verbose stack     at D:\reactNative环境\Node\node_modules\npm\node_modules\read-package-json\read-json.js:356:5
4 verbose stack     at checkBinReferences_ (D:\reactNative环境\Node\node_modules\npm\node_modules\read-package-json\read-json.js:320:45)
4 verbose stack     at final (D:\reactNative环境\Node\node_modules\npm\node_modules\read-package-json\read-json.js:354:3)
4 verbose stack     at then (D:\reactNative环境\Node\node_modules\npm\node_modules\read-package-json\read-json.js:124:5)
4 verbose stack     at ReadFileContext.<anonymous> (D:\reactNative环境\Node\node_modules\npm\node_modules\read-package-json\read-json.js:295:20)
4 verbose stack     at ReadFileContext.callback (D:\reactNative环境\Node\node_modules\npm\node_modules\graceful-fs\graceful-fs.js:78:16)
4 verbose stack     at FSReqWrap.readFileAfterOpen [as oncomplete] (fs.js:365:13)
5 verbose cwd D:\Hbuiderworkspace\webpack_artemplate
6 error Windows_NT 10.0.14393
7 error argv "D:\\reactNative环境\\Node\\node.exe" "D:\\reactNative环境\\Node\\node_modules\\npm\\bin\\npm-cli.js" "run" "dist"
8 error node v6.9.2
9 error npm  v3.10.9
10 error missing script: dist
11 error If you need help, you may report this error at:
11 error     <https://github.com/npm/npm/issues>
12 verbose exit [ 1, true ]
